(0000) 3000  0011000000000000 (   1)                 .ORIG x3000
(3000) 0009  0000000000001001 (   3) LowestValue     .FILL x0009
(3001) 2BFE  0010101111111110 (   4)                 LD    R5 LowestValue
(3002) 29FD  0010100111111101 (   5)                 LD    R4 LowestValue
(3003) 993F  1001100100111111 (   6)                 NOT   R4 R4
(3004) 1921  0001100100100001 (   7)                 ADD   R4 R4 #1
(3005) E6C0  1110011011000000 (   9)                 LEA   R3 IDNumArray
(3006) 54A0  0101010010100000 (  10)                 AND   R2 R2 #0
(3007) 004E  0000000001001110 (  12) Name            .FILL x004E
(3008) 0069  0000000001101001 (  12)                 .FILL x0069
(3009) 006B  0000000001101011 (  12)                 .FILL x006B
(300A) 006B  0000000001101011 (  12)                 .FILL x006B
(300B) 006F  0000000001101111 (  12)                 .FILL x006F
(300C) 006C  0000000001101100 (  12)                 .FILL x006C
(300D) 0061  0000000001100001 (  12)                 .FILL x0061
(300E) 0073  0000000001110011 (  12)                 .FILL x0073
(300F) 0020  0000000000100000 (  12)                 .FILL x0020
(3010) 0044  0000000001000100 (  12)                 .FILL x0044
(3011) 0069  0000000001101001 (  12)                 .FILL x0069
(3012) 0065  0000000001100101 (  12)                 .FILL x0065
(3013) 0068  0000000001101000 (  12)                 .FILL x0068
(3014) 006C  0000000001101100 (  12)                 .FILL x006C
(3015) 003A  0000000000111010 (  12)                 .FILL x003A
(3016) 0020  0000000000100000 (  12)                 .FILL x0020
(3017) 0031  0000000000110001 (  12)                 .FILL x0031
(3018) 0036  0000000000110110 (  12)                 .FILL x0036
(3019) 0039  0000000000111001 (  12)                 .FILL x0039
(301A) 0034  0000000000110100 (  12)                 .FILL x0034
(301B) 0035  0000000000110101 (  12)                 .FILL x0035
(301C) 0037  0000000000110111 (  12)                 .FILL x0037
(301D) 0032  0000000000110010 (  12)                 .FILL x0032
(301E) 0034  0000000000110100 (  12)                 .FILL x0034
(301F) 0000  0000000000000000 (  12)                 .FILL x0000
(3020) 000A  0000000000001010 (  13) IDNumEnter      .FILL x000A
(3021) 0045  0000000001000101 (  13)                 .FILL x0045
(3022) 006E  0000000001101110 (  13)                 .FILL x006E
(3023) 0074  0000000001110100 (  13)                 .FILL x0074
(3024) 0065  0000000001100101 (  13)                 .FILL x0065
(3025) 0072  0000000001110010 (  13)                 .FILL x0072
(3026) 0020  0000000000100000 (  13)                 .FILL x0020
(3027) 006E  0000000001101110 (  13)                 .FILL x006E
(3028) 0075  0000000001110101 (  13)                 .FILL x0075
(3029) 006D  0000000001101101 (  13)                 .FILL x006D
(302A) 0062  0000000001100010 (  13)                 .FILL x0062
(302B) 0065  0000000001100101 (  13)                 .FILL x0065
(302C) 0072  0000000001110010 (  13)                 .FILL x0072
(302D) 0073  0000000001110011 (  13)                 .FILL x0073
(302E) 0020  0000000000100000 (  13)                 .FILL x0020
(302F) 0066  0000000001100110 (  13)                 .FILL x0066
(3030) 0072  0000000001110010 (  13)                 .FILL x0072
(3031) 006F  0000000001101111 (  13)                 .FILL x006F
(3032) 006D  0000000001101101 (  13)                 .FILL x006D
(3033) 0020  0000000000100000 (  13)                 .FILL x0020
(3034) 0031  0000000000110001 (  13)                 .FILL x0031
(3035) 002D  0000000000101101 (  13)                 .FILL x002D
(3036) 0039  0000000000111001 (  13)                 .FILL x0039
(3037) 0020  0000000000100000 (  13)                 .FILL x0020
(3038) 0073  0000000001110011 (  13)                 .FILL x0073
(3039) 0065  0000000001100101 (  13)                 .FILL x0065
(303A) 0070  0000000001110000 (  13)                 .FILL x0070
(303B) 0061  0000000001100001 (  13)                 .FILL x0061
(303C) 0072  0000000001110010 (  13)                 .FILL x0072
(303D) 0061  0000000001100001 (  13)                 .FILL x0061
(303E) 0074  0000000001110100 (  13)                 .FILL x0074
(303F) 0065  0000000001100101 (  13)                 .FILL x0065
(3040) 0064  0000000001100100 (  13)                 .FILL x0064
(3041) 0020  0000000000100000 (  13)                 .FILL x0020
(3042) 0062  0000000001100010 (  13)                 .FILL x0062
(3043) 0079  0000000001111001 (  13)                 .FILL x0079
(3044) 0020  0000000000100000 (  13)                 .FILL x0020
(3045) 0073  0000000001110011 (  13)                 .FILL x0073
(3046) 0070  0000000001110000 (  13)                 .FILL x0070
(3047) 0061  0000000001100001 (  13)                 .FILL x0061
(3048) 0063  0000000001100011 (  13)                 .FILL x0063
(3049) 0065  0000000001100101 (  13)                 .FILL x0065
(304A) 0073  0000000001110011 (  13)                 .FILL x0073
(304B) 003A  0000000000111010 (  13)                 .FILL x003A
(304C) 0020  0000000000100000 (  13)                 .FILL x0020
(304D) 0000  0000000000000000 (  13)                 .FILL x0000
(304E) E1B8  1110000110111000 (  14)                 LEA   R0 Name
(304F) F022  1111000000100010 (  15)                 TRAP  x22
(3050) E1CF  1110000111001111 (  16)                 LEA   R0 IDNumEnter
(3051) F022  1111000000100010 (  17)                 TRAP  x22
(3052) F020  1111000000100000 (  20) loopID          TRAP  x20
(3053) 1036  0001000000110110 (  21)                 ADD   R0 R0 #-10
(3054) 0422  0000010000100010 (  22)                 BRZ   finishloop2
(3055) 102A  0001000000101010 (  23)                 ADD   R0 R0 #10
(3056) 2278  0010001001111000 (  25)                 LD    R1 CheckForSpace
(3057) 1201  0001001000000001 (  26)                 ADD   R1 R0 R1
(3058) 0443  0000010001000011 (  27)                 BRZ   FuncSpace1
(3059) 70C0  0111000011000000 (  29)                 STR   R0 R3 #0
(305A) 16E1  0001011011100001 (  30)                 ADD   R3 R3 #1
(305B) 14A1  0001010010100001 (  31)                 ADD   R2 R2 #1
(305C) F021  1111000000100001 (  32)                 TRAP  x21
(305D) 2272  0010001001110010 (  34)                 LD    R1 MCCharacter
(305E) 1001  0001000000000001 (  35)                 ADD   R0 R0 R1
(305F) 1C20  0001110000100000 (  38) checkLow        ADD   R6 R0 #0
(3060) 9B7F  1001101101111111 (  39)                 NOT   R5 R5
(3061) 1B61  0001101101100001 (  40)                 ADD   R5 R5 #1
(3062) 1D85  0001110110000101 (  41)                 ADD   R6 R6 R5
(3063) 0602  0000011000000010 (  42)                 BRZP  checkHigh
(3064) 1A20  0001101000100000 (  43)                 ADD   R5 R0 #0
(3065) 0FEC  0000111111101100 (  44)                 BRNZP loopID
(3066) 1C20  0001110000100000 (  45) checkHigh       ADD   R6 R0 #0
(3067) 993F  1001100100111111 (  46)                 NOT   R4 R4
(3068) 1921  0001100100100001 (  47)                 ADD   R4 R4 #1
(3069) 1D84  0001110110000100 (  48)                 ADD   R6 R6 R4
(306A) 0801  0000100000000001 (  49)                 BRN   UndoAll
(306B) 1820  0001100000100000 (  50)                 ADD   R4 R0 #0
(306C) 1B60  0001101101100000 (  53) UndoAll         ADD   R5 R5 #0
(306D) 0803  0000100000000011 (  54)                 BRN   undo1
(306E) 1920  0001100100100000 (  55)                 ADD   R4 R4 #0
(306F) 0804  0000100000000100 (  56)                 BRN   undo2
(3070) 0FE1  0000111111100001 (  57)                 BRNZP loopID
(3071) 9B7F  1001101101111111 (  58) undo1           NOT   R5 R5
(3072) 1B61  0001101101100001 (  59)                 ADD   R5 R5 #1
(3073) 0FF8  0000111111111000 (  60)                 BRNZP UndoAll
(3074) 993F  1001100100111111 (  61) undo2           NOT   R4 R4
(3075) 1921  0001100100100001 (  62)                 ADD   R4 R4 #1
(3076) 0FDB  0000111111011011 (  63)                 BRNZP loopID
(3077) E07C  1110000001111100 (  75) finishloop2     LEA   R0 NewLine
(3078) F022  1111000000100010 (  76)                 TRAP  x22
(3079) 5DA9  0101110110101001 (  78)                 AND   R6 R6 #9
(307A) E64B  1110011001001011 (  79)                 LEA   R3 IDNumArray
(307B) 60C0  0110000011000000 (  80) PRINT1          LDR   R0 R3 #0
(307C) 0407  0000010000000111 (  81)                 BRZ   END_PRINT1
(307D) F021  1111000000100001 (  82)                 TRAP  x21
(307E) E073  1110000001110011 (  83)                 LEA   R0 SpaceCharacter
(307F) F022  1111000000100010 (  84)                 TRAP  x22
(3080) 60C0  0110000011000000 (  85)                 LDR   R0 R3 #0
(3081) 16E1  0001011011100001 (  86)                 ADD   R3 R3 #1
(3082) 1DBF  0001110110111111 (  87)                 ADD   R6 R6 #-1
(3083) 0FF7  0000111111110111 (  88)                 BRNZP PRINT1
(3084) E04C  1110000001001100 (  91) END_PRINT1      LEA   R0 NumOfChar1
(3085) F022  1111000000100010 (  92)                 TRAP  x22
(3086) 2249  0010001001001001 (  93)                 LD    R1 MCCharacter
(3087) 927F  1001001001111111 (  94)                 NOT   R1 R1
(3088) 1261  0001001001100001 (  95)                 ADD   R1 R1 #1
(3089) 1081  0001000010000001 (  96)                 ADD   R0 R2 R1
(308A) F021  1111000000100001 (  97)                 TRAP  x21
(308B) E051  1110000001010001 (  98)                 LEA   R0 NumOfChar2
(308C) F022  1111000000100010 (  99)                 TRAP  x22
(308D) E07A  1110000001111010 ( 101)                 LEA   R0 lowest
(308E) F022  1111000000100010 ( 102)                 TRAP  x22
(308F) 2240  0010001001000000 ( 103)                 LD    R1 MCCharacter
(3090) 927F  1001001001111111 ( 104)                 NOT   R1 R1
(3091) 1261  0001001001100001 ( 105)                 ADD   R1 R1 #1
(3092) 1141  0001000101000001 ( 106)                 ADD   R0 R5 R1
(3093) F021  1111000000100001 ( 107)                 TRAP  x21
(3094) E08C  1110000010001100 ( 109)                 LEA   R0 highest
(3095) F022  1111000000100010 ( 110)                 TRAP  x22
(3096) 2239  0010001000111001 ( 111)                 LD    R1 MCCharacter
(3097) 927F  1001001001111111 ( 112)                 NOT   R1 R1
(3098) 1261  0001001001100001 ( 113)                 ADD   R1 R1 #1
(3099) 1101  0001000100000001 ( 114)                 ADD   R0 R4 R1
(309A) F021  1111000000100001 ( 115)                 TRAP  x21
(309B) 0E03  0000111000000011 ( 116)                 BRNZP OrderingTime
(309C) E055  1110000001010101 ( 118) FuncSpace1      LEA   R0 SpaceCharacter
(309D) F022  1111000000100010 ( 119)                 TRAP  x22
(309E) 0FB3  0000111110110011 ( 120)                 BRNZP loopID
(309F) 54A0  0101010010100000 ( 125) OrderingTime    AND   R2 R2 #0
(30A0) E625  1110011000100101 ( 126)                 LEA   R3 IDNumArray
(30A1) 60C0  0110000011000000 ( 127) COUNT           LDR   R0 R3 #0
(30A2) 0403  0000010000000011 ( 128)                 BRZ   END_COUNT
(30A3) 16E1  0001011011100001 ( 129)                 ADD   R3 R3 #1
(30A4) 14A1  0001010010100001 ( 130)                 ADD   R2 R2 #1
(30A5) 0FFB  0000111111111011 ( 131)                 BRNZP COUNT
(30A6) 18A0  0001100010100000 ( 132) END_COUNT       ADD   R4 R2 #0
(30A7) 0410  0000010000010000 ( 133)                 BRZ   SORTED
(30A8) 193F  0001100100111111 ( 137) OUTERLOOP       ADD   R4 R4 #-1
(30A9) 0C0E  0000110000001110 ( 138)                 BRNZ  SORTED
(30AA) 1B20  0001101100100000 ( 139)                 ADD   R5 R4 #0
(30AB) E61A  1110011000011010 ( 140)                 LEA   R3 IDNumArray
(30AC) 60C0  0110000011000000 ( 141) INNERLOOP       LDR   R0 R3 #0
(30AD) 62C1  0110001011000001 ( 142)                 LDR   R1 R3 #1
(30AE) 947F  1001010001111111 ( 143)                 NOT   R2 R1
(30AF) 14A1  0001010010100001 ( 144)                 ADD   R2 R2 #1
(30B0) 1402  0001010000000010 ( 145)                 ADD   R2 R0 R2
(30B1) 0C02  0000110000000010 ( 146)                 BRNZ  SWAPPED
(30B2) 72C0  0111001011000000 ( 147)                 STR   R1 R3 #0
(30B3) 70C1  0111000011000001 ( 148)                 STR   R0 R3 #1
(30B4) 16E1  0001011011100001 ( 149) SWAPPED         ADD   R3 R3 #1
(30B5) 1B7F  0001101101111111 ( 150)                 ADD   R5 R5 #-1
(30B6) 03F5  0000001111110101 ( 151)                 BRP   INNERLOOP
(30B7) 0FF0  0000111111110000 ( 152)                 BRNZP OUTERLOOP
(30B8) E082  1110000010000010 ( 155) SORTED          LEA   R0 ordered
(30B9) F022  1111000000100010 ( 156)                 TRAP  x22
(30BA) 54A9  0101010010101001 ( 158)                 AND   R2 R2 #9
(30BB) E60A  1110011000001010 ( 159)                 LEA   R3 IDNumArray
(30BC) 60C0  0110000011000000 ( 160) PRINT2          LDR   R0 R3 #0
(30BD) 0407  0000010000000111 ( 161)                 BRZ   END_PRINT2
(30BE) F021  1111000000100001 ( 162)                 TRAP  x21
(30BF) E032  1110000000110010 ( 163)                 LEA   R0 SpaceCharacter
(30C0) F022  1111000000100010 ( 164)                 TRAP  x22
(30C1) 60C0  0110000011000000 ( 165)                 LDR   R0 R3 #0
(30C2) 16E1  0001011011100001 ( 166)                 ADD   R3 R3 #1
(30C3) 14BF  0001010010111111 ( 167)                 ADD   R2 R2 #-1
(30C4) 0FF7  0000111111110111 ( 168)                 BRNZP PRINT2
(30C5) F025  1111000000100101 ( 172) END_PRINT2      TRAP  x25
(30C6) 0000  0000000000000000 ( 175) IDNumArray      .FILL x0000
(30C7) 0000  0000000000000000 ( 175)                 .FILL x0000
(30C8) 0000  0000000000000000 ( 175)                 .FILL x0000
(30C9) 0000  0000000000000000 ( 175)                 .FILL x0000
(30CA) 0000  0000000000000000 ( 175)                 .FILL x0000
(30CB) 0000  0000000000000000 ( 175)                 .FILL x0000
(30CC) 0000  0000000000000000 ( 175)                 .FILL x0000
(30CD) 0000  0000000000000000 ( 175)                 .FILL x0000
(30CE) 0000  0000000000000000 ( 175)                 .FILL x0000
(30CF) FFE0  1111111111100000 ( 175) CheckForSpace   .FILL xFFE0
(30D0) FFD0  1111111111010000 ( 176) MCCharacter     .FILL xFFD0
(30D1) 000A  0000000000001010 ( 178) NumOfChar1      .FILL x000A
(30D2) 0054  0000000001010100 ( 178)                 .FILL x0054
(30D3) 0068  0000000001101000 ( 178)                 .FILL x0068
(30D4) 0065  0000000001100101 ( 178)                 .FILL x0065
(30D5) 0072  0000000001110010 ( 178)                 .FILL x0072
(30D6) 0065  0000000001100101 ( 178)                 .FILL x0065
(30D7) 0020  0000000000100000 ( 178)                 .FILL x0020
(30D8) 0061  0000000001100001 ( 178)                 .FILL x0061
(30D9) 0072  0000000001110010 ( 178)                 .FILL x0072
(30DA) 0065  0000000001100101 ( 178)                 .FILL x0065
(30DB) 0020  0000000000100000 ( 178)                 .FILL x0020
(30DC) 0000  0000000000000000 ( 178)                 .FILL x0000
(30DD) 0020  0000000000100000 ( 179) NumOfChar2      .FILL x0020
(30DE) 006E  0000000001101110 ( 179)                 .FILL x006E
(30DF) 0075  0000000001110101 ( 179)                 .FILL x0075
(30E0) 006D  0000000001101101 ( 179)                 .FILL x006D
(30E1) 0062  0000000001100010 ( 179)                 .FILL x0062
(30E2) 0065  0000000001100101 ( 179)                 .FILL x0065
(30E3) 0072  0000000001110010 ( 179)                 .FILL x0072
(30E4) 0073  0000000001110011 ( 179)                 .FILL x0073
(30E5) 0020  0000000000100000 ( 179)                 .FILL x0020
(30E6) 0069  0000000001101001 ( 179)                 .FILL x0069
(30E7) 006E  0000000001101110 ( 179)                 .FILL x006E
(30E8) 0020  0000000000100000 ( 179)                 .FILL x0020
(30E9) 0074  0000000001110100 ( 179)                 .FILL x0074
(30EA) 0068  0000000001101000 ( 179)                 .FILL x0068
(30EB) 0065  0000000001100101 ( 179)                 .FILL x0065
(30EC) 0020  0000000000100000 ( 179)                 .FILL x0020
(30ED) 006C  0000000001101100 ( 179)                 .FILL x006C
(30EE) 0069  0000000001101001 ( 179)                 .FILL x0069
(30EF) 0073  0000000001110011 ( 179)                 .FILL x0073
(30F0) 0074  0000000001110100 ( 179)                 .FILL x0074
(30F1) 0000  0000000000000000 ( 179)                 .FILL x0000
(30F2) 0020  0000000000100000 ( 180) SpaceCharacter  .FILL x0020
(30F3) 0000  0000000000000000 ( 180)                 .FILL x0000
(30F4) 000A  0000000000001010 ( 181) NewLine         .FILL x000A
(30F5) 0059  0000000001011001 ( 181)                 .FILL x0059
(30F6) 006F  0000000001101111 ( 181)                 .FILL x006F
(30F7) 0075  0000000001110101 ( 181)                 .FILL x0075
(30F8) 0020  0000000000100000 ( 181)                 .FILL x0020
(30F9) 0068  0000000001101000 ( 181)                 .FILL x0068
(30FA) 0061  0000000001100001 ( 181)                 .FILL x0061
(30FB) 0076  0000000001110110 ( 181)                 .FILL x0076
(30FC) 0065  0000000001100101 ( 181)                 .FILL x0065
(30FD) 0020  0000000000100000 ( 181)                 .FILL x0020
(30FE) 0065  0000000001100101 ( 181)                 .FILL x0065
(30FF) 006E  0000000001101110 ( 181)                 .FILL x006E
(3100) 0074  0000000001110100 ( 181)                 .FILL x0074
(3101) 0065  0000000001100101 ( 181)                 .FILL x0065
(3102) 0072  0000000001110010 ( 181)                 .FILL x0072
(3103) 0065  0000000001100101 ( 181)                 .FILL x0065
(3104) 0064  0000000001100100 ( 181)                 .FILL x0064
(3105) 003A  0000000000111010 ( 181)                 .FILL x003A
(3106) 0020  0000000000100000 ( 181)                 .FILL x0020
(3107) 0000  0000000000000000 ( 181)                 .FILL x0000
(3108) 000A  0000000000001010 ( 182) lowest          .FILL x000A
(3109) 0054  0000000001010100 ( 182)                 .FILL x0054
(310A) 0068  0000000001101000 ( 182)                 .FILL x0068
(310B) 0065  0000000001100101 ( 182)                 .FILL x0065
(310C) 0020  0000000000100000 ( 182)                 .FILL x0020
(310D) 006C  0000000001101100 ( 182)                 .FILL x006C
(310E) 006F  0000000001101111 ( 182)                 .FILL x006F
(310F) 0077  0000000001110111 ( 182)                 .FILL x0077
(3110) 0065  0000000001100101 ( 182)                 .FILL x0065
(3111) 0073  0000000001110011 ( 182)                 .FILL x0073
(3112) 0074  0000000001110100 ( 182)                 .FILL x0074
(3113) 0020  0000000000100000 ( 182)                 .FILL x0020
(3114) 006E  0000000001101110 ( 182)                 .FILL x006E
(3115) 0075  0000000001110101 ( 182)                 .FILL x0075
(3116) 006D  0000000001101101 ( 182)                 .FILL x006D
(3117) 0062  0000000001100010 ( 182)                 .FILL x0062
(3118) 0065  0000000001100101 ( 182)                 .FILL x0065
(3119) 0072  0000000001110010 ( 182)                 .FILL x0072
(311A) 0020  0000000000100000 ( 182)                 .FILL x0020
(311B) 0077  0000000001110111 ( 182)                 .FILL x0077
(311C) 0061  0000000001100001 ( 182)                 .FILL x0061
(311D) 0073  0000000001110011 ( 182)                 .FILL x0073
(311E) 003A  0000000000111010 ( 182)                 .FILL x003A
(311F) 0020  0000000000100000 ( 182)                 .FILL x0020
(3120) 0000  0000000000000000 ( 182)                 .FILL x0000
(3121) 000A  0000000000001010 ( 183) highest         .FILL x000A
(3122) 0054  0000000001010100 ( 183)                 .FILL x0054
(3123) 0068  0000000001101000 ( 183)                 .FILL x0068
(3124) 0065  0000000001100101 ( 183)                 .FILL x0065
(3125) 0020  0000000000100000 ( 183)                 .FILL x0020
(3126) 0068  0000000001101000 ( 183)                 .FILL x0068
(3127) 0069  0000000001101001 ( 183)                 .FILL x0069
(3128) 0067  0000000001100111 ( 183)                 .FILL x0067
(3129) 0068  0000000001101000 ( 183)                 .FILL x0068
(312A) 0065  0000000001100101 ( 183)                 .FILL x0065
(312B) 0073  0000000001110011 ( 183)                 .FILL x0073
(312C) 0074  0000000001110100 ( 183)                 .FILL x0074
(312D) 0020  0000000000100000 ( 183)                 .FILL x0020
(312E) 006E  0000000001101110 ( 183)                 .FILL x006E
(312F) 0075  0000000001110101 ( 183)                 .FILL x0075
(3130) 006D  0000000001101101 ( 183)                 .FILL x006D
(3131) 0062  0000000001100010 ( 183)                 .FILL x0062
(3132) 0065  0000000001100101 ( 183)                 .FILL x0065
(3133) 0072  0000000001110010 ( 183)                 .FILL x0072
(3134) 0020  0000000000100000 ( 183)                 .FILL x0020
(3135) 0077  0000000001110111 ( 183)                 .FILL x0077
(3136) 0061  0000000001100001 ( 183)                 .FILL x0061
(3137) 0073  0000000001110011 ( 183)                 .FILL x0073
(3138) 003A  0000000000111010 ( 183)                 .FILL x003A
(3139) 0020  0000000000100000 ( 183)                 .FILL x0020
(313A) 0000  0000000000000000 ( 183)                 .FILL x0000
(313B) 000A  0000000000001010 ( 184) ordered         .FILL x000A
(313C) 0054  0000000001010100 ( 184)                 .FILL x0054
(313D) 0068  0000000001101000 ( 184)                 .FILL x0068
(313E) 0065  0000000001100101 ( 184)                 .FILL x0065
(313F) 0020  0000000000100000 ( 184)                 .FILL x0020
(3140) 006F  0000000001101111 ( 184)                 .FILL x006F
(3141) 0072  0000000001110010 ( 184)                 .FILL x0072
(3142) 0064  0000000001100100 ( 184)                 .FILL x0064
(3143) 0065  0000000001100101 ( 184)                 .FILL x0065
(3144) 0072  0000000001110010 ( 184)                 .FILL x0072
(3145) 0065  0000000001100101 ( 184)                 .FILL x0065
(3146) 0064  0000000001100100 ( 184)                 .FILL x0064
(3147) 0020  0000000000100000 ( 184)                 .FILL x0020
(3148) 0076  0000000001110110 ( 184)                 .FILL x0076
(3149) 0065  0000000001100101 ( 184)                 .FILL x0065
(314A) 0072  0000000001110010 ( 184)                 .FILL x0072
(314B) 0073  0000000001110011 ( 184)                 .FILL x0073
(314C) 0069  0000000001101001 ( 184)                 .FILL x0069
(314D) 006F  0000000001101111 ( 184)                 .FILL x006F
(314E) 006E  0000000001101110 ( 184)                 .FILL x006E
(314F) 0020  0000000000100000 ( 184)                 .FILL x0020
(3150) 0069  0000000001101001 ( 184)                 .FILL x0069
(3151) 0073  0000000001110011 ( 184)                 .FILL x0073
(3152) 003A  0000000000111010 ( 184)                 .FILL x003A
(3153) 0020  0000000000100000 ( 184)                 .FILL x0020
(3154) 0000  0000000000000000 ( 184)                 .FILL x0000
